{"numFailedTestSuites":0,"numFailedTests":0,"numPassedTestSuites":8,"numPassedTests":30,"numPendingTestSuites":0,"numPendingTests":0,"numRuntimeErrorTestSuites":0,"numTodoTests":0,"numTotalTestSuites":8,"numTotalTests":30,"openHandles":[],"snapshot":{"added":0,"didUpdate":false,"failure":false,"filesAdded":0,"filesRemoved":0,"filesRemovedList":[],"filesUnmatched":0,"filesUpdated":0,"matched":0,"total":0,"unchecked":0,"uncheckedKeysByFile":[],"unmatched":0,"updated":0},"startTime":1736758184282,"success":true,"testResults":[{"assertionResults":[{"ancestorTitles":["getIncompleteTodos 테스트"],"duration":13,"failureDetails":[],"failureMessages":[],"fullName":"getIncompleteTodos 테스트 필터를 사용하는지 확인","invocations":1,"location":null,"numPassingAsserts":1,"retryReasons":[],"status":"passed","title":"필터를 사용하는지 확인"},{"ancestorTitles":["getIncompleteTodos 테스트"],"duration":2,"failureDetails":[],"failureMessages":[],"fullName":"getIncompleteTodos 테스트 완료되지 않은 할 일만 반환","invocations":1,"location":null,"numPassingAsserts":1,"retryReasons":[],"status":"passed","title":"완료되지 않은 할 일만 반환"}],"endTime":1736758186381,"message":"","name":"D:\\취업\\Git\\sparta-running-04\\__test__\\01.test.js","startTime":1736758184749,"status":"passed","summary":""},{"assertionResults":[{"ancestorTitles":["filterTodosByKeyword 테스트"],"duration":13,"failureDetails":[],"failureMessages":[],"fullName":"filterTodosByKeyword 테스트 fetch 함수를 사용하는지 확인","invocations":1,"location":null,"numPassingAsserts":1,"retryReasons":[],"status":"passed","title":"fetch 함수를 사용하는지 확인"},{"ancestorTitles":["filterTodosByKeyword 테스트"],"duration":4,"failureDetails":[],"failureMessages":[],"fullName":"filterTodosByKeyword 테스트 keyword가 포함된 title만 필터링하여 반환","invocations":1,"location":null,"numPassingAsserts":1,"retryReasons":[],"status":"passed","title":"keyword가 포함된 title만 필터링하여 반환"},{"ancestorTitles":["filterTodosByKeyword 테스트"],"duration":1,"failureDetails":[],"failureMessages":[],"fullName":"filterTodosByKeyword 테스트 keyword와 일치하는 항목이 없으면 빈 배열 반환","invocations":1,"location":null,"numPassingAsserts":1,"retryReasons":[],"status":"passed","title":"keyword와 일치하는 항목이 없으면 빈 배열 반환"},{"ancestorTitles":["filterTodosByKeyword 테스트"],"duration":1,"failureDetails":[],"failureMessages":[],"fullName":"filterTodosByKeyword 테스트 fetch 함수를 한 번만 호출","invocations":1,"location":null,"numPassingAsserts":1,"retryReasons":[],"status":"passed","title":"fetch 함수를 한 번만 호출"}],"endTime":1736758186394,"message":"","name":"D:\\취업\\Git\\sparta-running-04\\__test__\\07.test.js","startTime":1736758184720,"status":"passed","summary":""},{"assertionResults":[{"ancestorTitles":["transformUsers 테스트"],"duration":11,"failureDetails":[],"failureMessages":[],"fullName":"transformUsers 테스트 map 메서드를 사용하는지 확인","invocations":1,"location":null,"numPassingAsserts":1,"retryReasons":[],"status":"passed","title":"map 메서드를 사용하는지 확인"},{"ancestorTitles":["transformUsers 테스트"],"duration":2,"failureDetails":[],"failureMessages":[],"fullName":"transformUsers 테스트 fullName과 isAdult를 올바르게 변환","invocations":1,"location":null,"numPassingAsserts":1,"retryReasons":[],"status":"passed","title":"fullName과 isAdult를 올바르게 변환"},{"ancestorTitles":["transformUsers 테스트"],"duration":0,"failureDetails":[],"failureMessages":[],"fullName":"transformUsers 테스트 빈 배열이 주어졌을 때 빈 배열 반환","invocations":1,"location":null,"numPassingAsserts":1,"retryReasons":[],"status":"passed","title":"빈 배열이 주어졌을 때 빈 배열 반환"},{"ancestorTitles":["transformUsers 테스트"],"duration":0,"failureDetails":[],"failureMessages":[],"fullName":"transformUsers 테스트 새로운 배열의 길이는 기존 배열과 같아야 함","invocations":1,"location":null,"numPassingAsserts":1,"retryReasons":[],"status":"passed","title":"새로운 배열의 길이는 기존 배열과 같아야 함"}],"endTime":1736758186420,"message":"","name":"D:\\취업\\Git\\sparta-running-04\\__test__\\06.test.js","startTime":1736758184768,"status":"passed","summary":""},{"assertionResults":[{"ancestorTitles":["filterUserTodos 테스트"],"duration":12,"failureDetails":[],"failureMessages":[],"fullName":"filterUserTodos 테스트 filter 메서드를 사용하는지 확인","invocations":1,"location":null,"numPassingAsserts":1,"retryReasons":[],"status":"passed","title":"filter 메서드를 사용하는지 확인"},{"ancestorTitles":["filterUserTodos 테스트"],"duration":0,"failureDetails":[],"failureMessages":[],"fullName":"filterUserTodos 테스트 map 메서드를 사용하는지 확인","invocations":1,"location":null,"numPassingAsserts":1,"retryReasons":[],"status":"passed","title":"map 메서드를 사용하는지 확인"},{"ancestorTitles":["filterUserTodos 테스트"],"duration":2,"failureDetails":[],"failureMessages":[],"fullName":"filterUserTodos 테스트 조건에 맞는 title만 배열로 반환","invocations":1,"location":null,"numPassingAsserts":1,"retryReasons":[],"status":"passed","title":"조건에 맞는 title만 배열로 반환"},{"ancestorTitles":["filterUserTodos 테스트"],"duration":0,"failureDetails":[],"failureMessages":[],"fullName":"filterUserTodos 테스트 조건에 맞는 항목이 없으면 빈 배열 반환","invocations":1,"location":null,"numPassingAsserts":1,"retryReasons":[],"status":"passed","title":"조건에 맞는 항목이 없으면 빈 배열 반환"},{"ancestorTitles":["filterUserTodos 테스트"],"duration":0,"failureDetails":[],"failureMessages":[],"fullName":"filterUserTodos 테스트 새로운 배열의 길이는 기존 배열보다 작거나 같아야 함","invocations":1,"location":null,"numPassingAsserts":1,"retryReasons":[],"status":"passed","title":"새로운 배열의 길이는 기존 배열보다 작거나 같아야 함"}],"endTime":1736758186430,"message":"","name":"D:\\취업\\Git\\sparta-running-04\\__test__\\05.test.js","startTime":1736758184739,"status":"passed","summary":""},{"assertionResults":[{"ancestorTitles":["createTodo 테스트"],"duration":15,"failureDetails":[],"failureMessages":[],"fullName":"createTodo 테스트 새로운 할 일을 기존 배열에 추가 후 반환","invocations":1,"location":null,"numPassingAsserts":3,"retryReasons":[],"status":"passed","title":"새로운 할 일을 기존 배열에 추가 후 반환"},{"ancestorTitles":["createTodo 테스트"],"duration":1,"failureDetails":[],"failureMessages":[],"fullName":"createTodo 테스트 id가 고유한지 확인","invocations":1,"location":null,"numPassingAsserts":2,"retryReasons":[],"status":"passed","title":"id가 고유한지 확인"},{"ancestorTitles":["createTodo 테스트"],"duration":1,"failureDetails":[],"failureMessages":[],"fullName":"createTodo 테스트 기존 배열을 변경하지 않고 새로운 배열을 반환","invocations":1,"location":null,"numPassingAsserts":1,"retryReasons":[],"status":"passed","title":"기존 배열을 변경하지 않고 새로운 배열을 반환"}],"endTime":1736758186441,"message":"","name":"D:\\취업\\Git\\sparta-running-04\\__test__\\02.test.js","startTime":1736758184779,"status":"passed","summary":""},{"assertionResults":[{"ancestorTitles":["deleteTodo 테스트"],"duration":11,"failureDetails":[],"failureMessages":[],"fullName":"deleteTodo 테스트 filter 메서드를 사용하는지 확인","invocations":1,"location":null,"numPassingAsserts":1,"retryReasons":[],"status":"passed","title":"filter 메서드를 사용하는지 확인"},{"ancestorTitles":["deleteTodo 테스트"],"duration":2,"failureDetails":[],"failureMessages":[],"fullName":"deleteTodo 테스트 특정 id의 todo를 제거하고 새로운 배열을 반환","invocations":1,"location":null,"numPassingAsserts":2,"retryReasons":[],"status":"passed","title":"특정 id의 todo를 제거하고 새로운 배열을 반환"},{"ancestorTitles":["deleteTodo 테스트"],"duration":0,"failureDetails":[],"failureMessages":[],"fullName":"deleteTodo 테스트 존재하지 않는 id가 주어졌을 때 기존 배열을 그대로 반환","invocations":1,"location":null,"numPassingAsserts":1,"retryReasons":[],"status":"passed","title":"존재하지 않는 id가 주어졌을 때 기존 배열을 그대로 반환"},{"ancestorTitles":["deleteTodo 테스트"],"duration":0,"failureDetails":[],"failureMessages":[],"fullName":"deleteTodo 테스트 새로운 배열의 길이는 기존 배열보다 1 작아야 함","invocations":1,"location":null,"numPassingAsserts":1,"retryReasons":[],"status":"passed","title":"새로운 배열의 길이는 기존 배열보다 1 작아야 함"}],"endTime":1736758186449,"message":"","name":"D:\\취업\\Git\\sparta-running-04\\__test__\\04.test.js","startTime":1736758184784,"status":"passed","summary":""},{"assertionResults":[{"ancestorTitles":["updateTodoTitle 테스트"],"duration":14,"failureDetails":[],"failureMessages":[],"fullName":"updateTodoTitle 테스트 map 메서드를 사용하는지 확인","invocations":1,"location":null,"numPassingAsserts":1,"retryReasons":[],"status":"passed","title":"map 메서드를 사용하는지 확인"},{"ancestorTitles":["updateTodoTitle 테스트"],"duration":1,"failureDetails":[],"failureMessages":[],"fullName":"updateTodoTitle 테스트 특정 id의 title을 변경 후 새로운 배열을 반환","invocations":1,"location":null,"numPassingAsserts":3,"retryReasons":[],"status":"passed","title":"특정 id의 title을 변경 후 새로운 배열을 반환"},{"ancestorTitles":["updateTodoTitle 테스트"],"duration":2,"failureDetails":[],"failureMessages":[],"fullName":"updateTodoTitle 테스트 존재하지 않는 id가 주어졌을 때 기존 배열을 그대로 반환","invocations":1,"location":null,"numPassingAsserts":1,"retryReasons":[],"status":"passed","title":"존재하지 않는 id가 주어졌을 때 기존 배열을 그대로 반환"},{"ancestorTitles":["updateTodoTitle 테스트"],"duration":1,"failureDetails":[],"failureMessages":[],"fullName":"updateTodoTitle 테스트 새로운 배열의 길이는 기존 배열과 같아야 함","invocations":1,"location":null,"numPassingAsserts":1,"retryReasons":[],"status":"passed","title":"새로운 배열의 길이는 기존 배열과 같아야 함"}],"endTime":1736758186470,"message":"","name":"D:\\취업\\Git\\sparta-running-04\\__test__\\03.test.js","startTime":1736758184769,"status":"passed","summary":""},{"assertionResults":[{"ancestorTitles":["extractNames 테스트"],"duration":13,"failureDetails":[],"failureMessages":[],"fullName":"extractNames 테스트 fetch 함수를 사용하는지 확인","invocations":1,"location":null,"numPassingAsserts":1,"retryReasons":[],"status":"passed","title":"fetch 함수를 사용하는지 확인"},{"ancestorTitles":["extractNames 테스트"],"duration":3,"failureDetails":[],"failureMessages":[],"fullName":"extractNames 테스트 records 내부의 name 값을 배열로 반환","invocations":1,"location":null,"numPassingAsserts":1,"retryReasons":[],"status":"passed","title":"records 내부의 name 값을 배열로 반환"},{"ancestorTitles":["extractNames 테스트"],"duration":1,"failureDetails":[],"failureMessages":[],"fullName":"extractNames 테스트 records가 비어있으면 빈 배열 반환","invocations":1,"location":null,"numPassingAsserts":1,"retryReasons":[],"status":"passed","title":"records가 비어있으면 빈 배열 반환"},{"ancestorTitles":["extractNames 테스트"],"duration":1,"failureDetails":[],"failureMessages":[],"fullName":"extractNames 테스트 fetch 함수를 한 번만 호출","invocations":1,"location":null,"numPassingAsserts":1,"retryReasons":[],"status":"passed","title":"fetch 함수를 한 번만 호출"}],"endTime":1736758186510,"message":"","name":"D:\\취업\\Git\\sparta-running-04\\__test__\\08.test.js","startTime":1736758184723,"status":"passed","summary":""}],"wasInterrupted":false}
